Change Component Comment : Designator= Old Comment= New Comment=1uF
Change Component Comment : Designator= Old Comment= New Comment=Res2
Change Component Comment : Designator= Old Comment= New Comment=Res2
Change Component Comment : Designator= Old Comment= New Comment=Res2
Change Component Comment : Designator= Old Comment= New Comment=Res2
Change Component Comment : Designator= Old Comment= New Comment=Res2
Change Component Comment : Designator= Old Comment= New Comment=Res2
Change Component Comment : Designator= Old Comment= New Comment=Res2
Change Component Comment : Designator= Old Comment=Res New Comment=Res2
Change Component Designator: OldDesignator= NewDesignator=C2
Change Component Designator: OldDesignator= NewDesignator=R9
Change Component Designator: OldDesignator= NewDesignator=R10
Change Component Designator: OldDesignator= NewDesignator=R11
Change Component Designator: OldDesignator= NewDesignator=R12
Change Component Designator: OldDesignator= NewDesignator=R13
Change Component Designator: OldDesignator= NewDesignator=R14
Change Component Designator: OldDesignator= NewDesignator=R15
Change Component Designator: OldDesignator= NewDesignator=R16
Change Component Designator: OldDesignator=LED1 NewDesignator=LED Test2-1
Change Component Designator: OldDesignator=LED Test2 NewDesignator=LED Test2-2
Change Net Name : Old Net Name=NetLED1_1 New Net Name=NetLED Test2-1_1
Change Net Name : Old Net Name=NetLED1_2 New Net Name=NetLED Test2-1_2
Change Net Name : Old Net Name=NetLED Test2_1 New Net Name=NetLED Test2-2_1
Added Member To Class: ClassName=Micro Member=Component R9 Res2
Added Member To Class: ClassName=Micro Member=Component R10 Res2
Added Member To Class: ClassName=Micro Member=Component R11 Res2
Added Member To Class: ClassName=Micro Member=Component R12 Res2
Added Member To Class: ClassName=Micro Member=Component R13 Res2
Added Member To Class: ClassName=Micro Member=Component R14 Res2
Added Member To Class: ClassName=Micro Member=Component R15 Res2
Added Member To Class: ClassName=Micro Member=Component R16 Res2
